<?xml version="1.0" encoding="UTF-8"?>
<testsuite xmlns:xsi="http://www.w3.org/2001/XMLSchema-instance" xsi:noNamespaceSchemaLocation="https://maven.apache.org/surefire/maven-surefire-plugin/xsd/surefire-test-report.xsd" name="me.opopescu.test_octane_github_actions.BooleanCalculatorTest" time="0.029" tests="7" errors="0" skipped="2" failures="1">
  <properties>
    <property name="java.specification.version" value="21"/>
    <property name="sun.jnu.encoding" value="UTF-8"/>
    <property name="java.class.path" value="/home/runner/work/alm-octane-github-actions-tests/alm-octane-github-actions-tests/target/test-classes:/home/runner/work/alm-octane-github-actions-tests/alm-octane-github-actions-tests/target/classes:/home/runner/.m2/repository/org/junit/jupiter/junit-jupiter-engine/5.3.2/junit-jupiter-engine-5.3.2.jar:/home/runner/.m2/repository/org/apiguardian/apiguardian-api/1.0.0/apiguardian-api-1.0.0.jar:/home/runner/.m2/repository/org/junit/platform/junit-platform-engine/1.3.2/junit-platform-engine-1.3.2.jar:/home/runner/.m2/repository/org/junit/platform/junit-platform-commons/1.3.2/junit-platform-commons-1.3.2.jar:/home/runner/.m2/repository/org/opentest4j/opentest4j/1.1.1/opentest4j-1.1.1.jar:/home/runner/.m2/repository/org/junit/jupiter/junit-jupiter-api/5.3.2/junit-jupiter-api-5.3.2.jar:/home/runner/.m2/repository/org/junit/platform/junit-platform-runner/1.2.0/junit-platform-runner-1.2.0.jar:/home/runner/.m2/repository/org/junit/platform/junit-platform-launcher/1.2.0/junit-platform-launcher-1.2.0.jar:/home/runner/.m2/repository/org/junit/platform/junit-platform-suite-api/1.2.0/junit-platform-suite-api-1.2.0.jar:/home/runner/.m2/repository/junit/junit/4.12/junit-4.12.jar:/home/runner/.m2/repository/org/hamcrest/hamcrest-core/1.3/hamcrest-core-1.3.jar:src/test/java/:"/>
    <property name="java.vm.vendor" value="Eclipse Adoptium"/>
    <property name="sun.arch.data.model" value="64"/>
    <property name="java.vendor.url" value="https://adoptium.net/"/>
    <property name="os.name" value="Linux"/>
    <property name="java.vm.specification.version" value="21"/>
    <property name="sun.java.launcher" value="SUN_STANDARD"/>
    <property name="sun.boot.library.path" value="/usr/lib/jvm/temurin-21-jdk-amd64/lib"/>
    <property name="sun.java.command" value="/home/runner/work/alm-octane-github-actions-tests/alm-octane-github-actions-tests/target/surefire/surefirebooter18369898721613332125.jar /home/runner/work/alm-octane-github-actions-tests/alm-octane-github-actions-tests/target/surefire 2024-11-28T19-10-05_187-jvmRun1 surefire6777542958108367575tmp surefire_09334649928586345297tmp"/>
    <property name="jdk.debug" value="release"/>
    <property name="surefire.test.class.path" value="/home/runner/work/alm-octane-github-actions-tests/alm-octane-github-actions-tests/target/test-classes:/home/runner/work/alm-octane-github-actions-tests/alm-octane-github-actions-tests/target/classes:/home/runner/.m2/repository/org/junit/jupiter/junit-jupiter-engine/5.3.2/junit-jupiter-engine-5.3.2.jar:/home/runner/.m2/repository/org/apiguardian/apiguardian-api/1.0.0/apiguardian-api-1.0.0.jar:/home/runner/.m2/repository/org/junit/platform/junit-platform-engine/1.3.2/junit-platform-engine-1.3.2.jar:/home/runner/.m2/repository/org/junit/platform/junit-platform-commons/1.3.2/junit-platform-commons-1.3.2.jar:/home/runner/.m2/repository/org/opentest4j/opentest4j/1.1.1/opentest4j-1.1.1.jar:/home/runner/.m2/repository/org/junit/jupiter/junit-jupiter-api/5.3.2/junit-jupiter-api-5.3.2.jar:/home/runner/.m2/repository/org/junit/platform/junit-platform-runner/1.2.0/junit-platform-runner-1.2.0.jar:/home/runner/.m2/repository/org/junit/platform/junit-platform-launcher/1.2.0/junit-platform-launcher-1.2.0.jar:/home/runner/.m2/repository/org/junit/platform/junit-platform-suite-api/1.2.0/junit-platform-suite-api-1.2.0.jar:/home/runner/.m2/repository/junit/junit/4.12/junit-4.12.jar:/home/runner/.m2/repository/org/hamcrest/hamcrest-core/1.3/hamcrest-core-1.3.jar:src/test/java/:"/>
    <property name="sun.cpu.endian" value="little"/>
    <property name="user.home" value="/home/runner"/>
    <property name="user.language" value="en"/>
    <property name="java.specification.vendor" value="Oracle Corporation"/>
    <property name="java.version.date" value="2024-10-15"/>
    <property name="java.home" value="/usr/lib/jvm/temurin-21-jdk-amd64"/>
    <property name="file.separator" value="/"/>
    <property name="basedir" value="/home/runner/work/alm-octane-github-actions-tests/alm-octane-github-actions-tests"/>
    <property name="java.vm.compressedOopsMode" value="32-bit"/>
    <property name="line.separator" value="&#10;"/>
    <property name="java.specification.name" value="Java Platform API Specification"/>
    <property name="java.vm.specification.vendor" value="Oracle Corporation"/>
    <property name="surefire.real.class.path" value="/home/runner/work/alm-octane-github-actions-tests/alm-octane-github-actions-tests/target/surefire/surefirebooter18369898721613332125.jar"/>
    <property name="sun.management.compiler" value="HotSpot 64-Bit Tiered Compilers"/>
    <property name="java.runtime.version" value="21.0.5+11-LTS"/>
    <property name="user.name" value="runner"/>
    <property name="stdout.encoding" value="UTF-8"/>
    <property name="path.separator" value=":"/>
    <property name="os.version" value="6.5.0-1025-azure"/>
    <property name="java.runtime.name" value="OpenJDK Runtime Environment"/>
    <property name="file.encoding" value="UTF-8"/>
    <property name="java.vm.name" value="OpenJDK 64-Bit Server VM"/>
    <property name="java.vendor.version" value="Temurin-21.0.5+11"/>
    <property name="localRepository" value="/home/runner/.m2/repository"/>
    <property name="java.vendor.url.bug" value="https://github.com/adoptium/adoptium-support/issues"/>
    <property name="java.io.tmpdir" value="/tmp"/>
    <property name="java.version" value="21.0.5"/>
    <property name="user.dir" value="/home/runner/work/alm-octane-github-actions-tests/alm-octane-github-actions-tests"/>
    <property name="os.arch" value="amd64"/>
    <property name="java.vm.specification.name" value="Java Virtual Machine Specification"/>
    <property name="native.encoding" value="UTF-8"/>
    <property name="java.library.path" value="/usr/java/packages/lib:/usr/lib64:/lib64:/lib:/usr/lib"/>
    <property name="java.vm.info" value="mixed mode, sharing"/>
    <property name="stderr.encoding" value="UTF-8"/>
    <property name="java.vendor" value="Eclipse Adoptium"/>
    <property name="java.vm.version" value="21.0.5+11-LTS"/>
    <property name="sun.io.unicode.encoding" value="UnicodeLittle"/>
    <property name="java.class.version" value="65.0"/>
  </properties>
  <testcase name="testOr_whenBothFalse" classname="me.opopescu.test_octane_github_actions.BooleanCalculatorTest" time="0.005"/>
  <testcase name="testAnd_whenOneFalse" classname="me.opopescu.test_octane_github_actions.BooleanCalculatorTest" time="0.001"/>
  <testcase name="testAnd_whenBothTrue" classname="me.opopescu.test_octane_github_actions.BooleanCalculatorTest" time="0.001"/>
  <testcase name="testFailed" classname="me.opopescu.test_octane_github_actions.BooleanCalculatorTest" time="0.013">
    <failure type="org.opentest4j.AssertionFailedError:">org.opentest4j.AssertionFailedError: 
	at me.opopescu.test_octane_github_actions.BooleanCalculatorTest.testFailed(BooleanCalculatorTest.java:27)
</failure>
  </testcase>
  <testcase name="testOr_whenOneTrue" classname="me.opopescu.test_octane_github_actions.BooleanCalculatorTest" time="0"/>
  <testcase name="testSkipped" classname="me.opopescu.test_octane_github_actions.BooleanCalculatorTest" time="0">
    <skipped message="Assumption failed: assumption is not true" type="org.opentest4j.TestAbortedException">org.opentest4j.TestAbortedException: Assumption failed: assumption is not true
	at me.opopescu.test_octane_github_actions.BooleanCalculatorTest.testSkipped(BooleanCalculatorTest.java:70)
</skipped>
  </testcase>
  <testcase name="testSkipped2" classname="me.opopescu.test_octane_github_actions.BooleanCalculatorTest" time="0">
    <skipped>
    </skipped>
  </testcase>
</testsuite>