<?xml version="1.0" encoding="UTF-8"?>
<testsuite xmlns:xsi="http://www.w3.org/2001/XMLSchema-instance" xsi:noNamespaceSchemaLocation="https://maven.apache.org/surefire/maven-surefire-plugin/xsd/surefire-test-report.xsd" name="me.opopescu.test_octane_github_actions.BooleanCalculatorTest" time="0.029" tests="7" errors="0" skipped="2" failures="1">
  <properties>
[...]
</properties>
  <testcase name="testOr_whenBothFalse" classname="me.opopescu.test_octane_github_actions.BooleanCalculatorTest" time="0.005"/>
  <testcase name="testAnd_whenOneFalse" classname="me.opopescu.test_octane_github_actions.BooleanCalculatorTest" time="0.001"/>
  <testcase name="testAnd_whenBothTrue" classname="me.opopescu.test_octane_github_actions.BooleanCalculatorTest" time="0.001"/>
  <testcase name="testFailed" classname="me.opopescu.test_octane_github_actions.BooleanCalculatorTest" time="0.013">
    <failure type="org.opentest4j.AssertionFailedError:">org.opentest4j.AssertionFailedError: 
	at me.opopescu.test_octane_github_actions.BooleanCalculatorTest.testFailed(BooleanCalculatorTest.java:27)
</failure>
  </testcase>
  <testcase name="testOr_whenOneTrue" classname="me.opopescu.test_octane_github_actions.BooleanCalculatorTest" time="0"/>
  <testcase name="testSkipped" classname="me.opopescu.test_octane_github_actions.BooleanCalculatorTest" time="0">
    <skipped message="Assumption failed: assumption is not true" type="org.opentest4j.TestAbortedException">org.opentest4j.TestAbortedException: Assumption failed: assumption is not true
	at me.opopescu.test_octane_github_actions.BooleanCalculatorTest.testSkipped(BooleanCalculatorTest.java:70)
</skipped>
  </testcase>
  <testcase name="testSkipped2" classname="me.opopescu.test_octane_github_actions.BooleanCalculatorTest" time="0">
    <skipped>
    </skipped>
  </testcase>
</testsuite>